Using pre-set license
Built from '2021.1/china_unity/release' branch; Version is '2021.1.0f1c1 (cd437fc7d72d) revision 13452159'; Using compiler version '192528614'; Build Type 'Release'
OS: 'Windows 10 Home China; OS build 18363.1016; Version 1909; 64bit' Language: 'zh' Physical Memory: 16303 MB
BatchMode: 1, IsHumanControllingUs: 0, StartBugReporterOnCrash: 0, Is64bit: 1, IsPro: 0

 COMMAND LINE ARGUMENTS:
C:\Program Files\Unity\Hub\Editor\2021.1.0f1c1\Editor\Unity.exe
-adb2
-batchMode
-noUpm
-name
AssetImportWorker0
-projectPath
S:/gitHub/Unity_AudioRecognizeFace
-logFile
Logs/AssetImportWorker0.log
-srvPort
59229
Successfully changed project path to: S:/gitHub/Unity_AudioRecognizeFace
S:/gitHub/Unity_AudioRecognizeFace
Using Asset Import Pipeline V2.
Refreshing native plugins compatible for Editor in 77.08 ms, found 0 plugins.
Preloading 0 native plugins for Editor in 0.00 ms.
Initialize engine version: 2021.1.0f1c1 (cd437fc7d72d)
[Subsystems] Discovering subsystems at path C:/Program Files/Unity/Hub/Editor/2021.1.0f1c1/Editor/Data/Resources/UnitySubsystems
[Subsystems] Discovering subsystems at path S:/gitHub/Unity_AudioRecognizeFace/Assets
GfxDevice: creating device client; threaded=0; jobified=0
Direct3D:
    Version:  Direct3D 11.0 [level 11.1]
    Renderer: NVIDIA GeForce GTX 1650 (ID=0x1f91)
    Vendor:   NVIDIA
    VRAM:     3962 MB
    Driver:   27.21.14.5749
Initialize mono
Mono path[0] = 'C:/Program Files/Unity/Hub/Editor/2021.1.0f1c1/Editor/Data/Managed'
Mono path[1] = 'C:/Program Files/Unity/Hub/Editor/2021.1.0f1c1/Editor/Data/MonoBleedingEdge/lib/mono/unityjit'
Mono config path = 'C:/Program Files/Unity/Hub/Editor/2021.1.0f1c1/Editor/Data/MonoBleedingEdge/etc'
Using monoOptions --debugger-agent=transport=dt_socket,embedding=1,server=y,suspend=n,address=127.0.0.1:56620
Begin MonoManager ReloadAssembly
Registering precompiled unity dll's ...
Register platform support module: C:/Program Files/Unity/Hub/Editor/2021.1.0f1c1/Editor/Data/PlaybackEngines/WebGLSupport/UnityEditor.WebGL.Extensions.dll
Register platform support module: C:/Program Files/Unity/Hub/Editor/2021.1.0f1c1/Editor/Data/PlaybackEngines/MacStandaloneSupport/UnityEditor.OSXStandalone.Extensions.dll
Register platform support module: C:/Program Files/Unity/Hub/Editor/2021.1.0f1c1/Editor/Data/PlaybackEngines/WindowsStandaloneSupport/UnityEditor.WindowsStandalone.Extensions.dll
Register platform support module: C:/Program Files/Unity/Hub/Editor/2021.1.0f1c1/Editor/Data/PlaybackEngines/LinuxStandaloneSupport/UnityEditor.LinuxStandalone.Extensions.dll
Register platform support module: C:/Program Files/Unity/Hub/Editor/2021.1.0f1c1/Editor/Data/PlaybackEngines/LuminSupport/UnityEditor.Lumin.Extensions.dll
Registered in 0.029322 seconds.
Native extension for Lumin target not found
Native extension for LinuxStandalone target not found
Native extension for WindowsStandalone target not found
Native extension for OSXStandalone target not found
Native extension for WebGL target not found
Refreshing native plugins compatible for Editor in 74.01 ms, found 0 plugins.
Preloading 0 native plugins for Editor in 0.00 ms.
Mono: successfully reloaded assembly
- Completed reload, in  5.956 seconds
Platform modules already initialized, skipping
Registering precompiled user dll's ...
Registered in 0.004763 seconds.
Begin MonoManager ReloadAssembly
Native extension for Lumin target not found
Native extension for LinuxStandalone target not found
Native extension for WindowsStandalone target not found
Native extension for OSXStandalone target not found
Native extension for WebGL target not found
Refreshing native plugins compatible for Editor in 1.07 ms, found 0 plugins.
Preloading 0 native plugins for Editor in 0.00 ms.
Mono: successfully reloaded assembly
- Completed reload, in  2.066 seconds
Platform modules already initialized, skipping
========================================================================
Worker process is ready to serve import requests
Launched and connected shader compiler UnityShaderCompiler.exe after 0.20 seconds
Refreshing native plugins compatible for Editor in 0.55 ms, found 0 plugins.
Preloading 0 native plugins for Editor in 0.00 ms.
Unloading 1648 Unused Serialized files (Serialized files now loaded: 0)
System memory in use before: 75.9 MB.
System memory in use after: 76.0 MB.

Unloading 42 unused Assets to reduce memory usage. Loaded Objects now: 2085.
Total: 8.904700 ms (FindLiveObjects: 0.191300 ms CreateObjectMapping: 0.076900 ms MarkObjects: 8.532100 ms  DeleteObjects: 0.102800 ms)

========================================================================
Received Prepare
Refreshing native plugins compatible for Editor in 15.66 ms, found 0 plugins.
Preloading 0 native plugins for Editor in 0.00 ms.
Unloading 31 Unused Serialized files (Serialized files now loaded: 0)
System memory in use before: 43.5 MB.
System memory in use after: 43.6 MB.

Unloading 31 unused Assets to reduce memory usage. Loaded Objects now: 2085.
Total: 8.649500 ms (FindLiveObjects: 0.194300 ms CreateObjectMapping: 0.079100 ms MarkObjects: 8.346100 ms  DeleteObjects: 0.028600 ms)

========================================================================
Received Prepare
Registering precompiled user dll's ...
Registered in 0.004504 seconds.
Begin MonoManager ReloadAssembly
Native extension for Lumin target not found
Native extension for LinuxStandalone target not found
Native extension for WindowsStandalone target not found
Native extension for OSXStandalone target not found
Native extension for WebGL target not found
Refreshing native plugins compatible for Editor in 0.42 ms, found 0 plugins.
Preloading 0 native plugins for Editor in 0.00 ms.
Mono: successfully reloaded assembly
- Completed reload, in  1.474 seconds
Platform modules already initialized, skipping
Refreshing native plugins compatible for Editor in 0.76 ms, found 0 plugins.
Preloading 0 native plugins for Editor in 0.00 ms.
Unloading 1641 Unused Serialized files (Serialized files now loaded: 0)
System memory in use before: 75.7 MB.
System memory in use after: 75.8 MB.

Unloading 33 unused Assets to reduce memory usage. Loaded Objects now: 2088.
Total: 8.040000 ms (FindLiveObjects: 0.192000 ms CreateObjectMapping: 0.061800 ms MarkObjects: 7.754600 ms  DeleteObjects: 0.030100 ms)

========================================================================
Received Import Request.
  path: Assets/Animations/a.anim
  artifactKey: Guid(ef4298a85a268ac498c8b5956f3488fd) Importer(815301076,1909f56bfc062723c751e8b465ee728b)
Start importing Assets/Animations/a.anim using Guid(ef4298a85a268ac498c8b5956f3488fd) Importer(815301076,1909f56bfc062723c751e8b465ee728b)  -> (artifact id: 'baaceddba690a905f435947e339398cf') in 0.109682 seconds 
========================================================================
Received Prepare
Registering precompiled user dll's ...
Registered in 0.003565 seconds.
Begin MonoManager ReloadAssembly
Native extension for Lumin target not found
Native extension for LinuxStandalone target not found
Native extension for WindowsStandalone target not found
Native extension for OSXStandalone target not found
Native extension for WebGL target not found
Refreshing native plugins compatible for Editor in 0.75 ms, found 0 plugins.
Preloading 0 native plugins for Editor in 0.00 ms.
Mono: successfully reloaded assembly
- Completed reload, in  1.630 seconds
Platform modules already initialized, skipping
Refreshing native plugins compatible for Editor in 0.86 ms, found 0 plugins.
Preloading 0 native plugins for Editor in 0.00 ms.
Unloading 1641 Unused Serialized files (Serialized files now loaded: 0)
System memory in use before: 75.8 MB.
System memory in use after: 75.9 MB.

Unloading 33 unused Assets to reduce memory usage. Loaded Objects now: 2091.
Total: 7.737800 ms (FindLiveObjects: 0.318300 ms CreateObjectMapping: 0.053600 ms MarkObjects: 7.330600 ms  DeleteObjects: 0.033500 ms)

========================================================================
Received Prepare
Registering precompiled user dll's ...
Registered in 0.005596 seconds.
Begin MonoManager ReloadAssembly
Native extension for Lumin target not found
Native extension for LinuxStandalone target not found
Native extension for WindowsStandalone target not found
Native extension for OSXStandalone target not found
Native extension for WebGL target not found
Refreshing native plugins compatible for Editor in 0.80 ms, found 0 plugins.
Preloading 0 native plugins for Editor in 0.00 ms.
Mono: successfully reloaded assembly
- Completed reload, in  1.493 seconds
Platform modules already initialized, skipping
Refreshing native plugins compatible for Editor in 0.57 ms, found 0 plugins.
Preloading 0 native plugins for Editor in 0.00 ms.
Unloading 1641 Unused Serialized files (Serialized files now loaded: 0)
System memory in use before: 75.8 MB.
System memory in use after: 75.9 MB.

Unloading 33 unused Assets to reduce memory usage. Loaded Objects now: 2094.
Total: 6.314400 ms (FindLiveObjects: 0.253800 ms CreateObjectMapping: 0.125100 ms MarkObjects: 5.887700 ms  DeleteObjects: 0.046600 ms)

========================================================================
Received Import Request.
  Time since last request: 79.121582 seconds.
  path: Assets/Animations/evening.anim
  artifactKey: Guid(8385dc5d87e31a7469f0228850173e5e) Importer(815301076,1909f56bfc062723c751e8b465ee728b)
Start importing Assets/Animations/evening.anim using Guid(8385dc5d87e31a7469f0228850173e5e) Importer(815301076,1909f56bfc062723c751e8b465ee728b)  -> (artifact id: '49658cb053c8e03ee5c8411e9ada6db0') in 0.023218 seconds 
========================================================================
Received Prepare
Registering precompiled user dll's ...
Registered in 0.004367 seconds.
Begin MonoManager ReloadAssembly
Native extension for Lumin target not found
Native extension for LinuxStandalone target not found
Native extension for WindowsStandalone target not found
Native extension for OSXStandalone target not found
Native extension for WebGL target not found
Refreshing native plugins compatible for Editor in 0.54 ms, found 0 plugins.
Preloading 0 native plugins for Editor in 0.00 ms.
Mono: successfully reloaded assembly
- Completed reload, in  2.361 seconds
Platform modules already initialized, skipping
Refreshing native plugins compatible for Editor in 0.83 ms, found 0 plugins.
Preloading 0 native plugins for Editor in 0.00 ms.
Unloading 1641 Unused Serialized files (Serialized files now loaded: 0)
System memory in use before: 75.8 MB.
System memory in use after: 75.9 MB.

Unloading 33 unused Assets to reduce memory usage. Loaded Objects now: 2097.
Total: 15.335300 ms (FindLiveObjects: 0.791800 ms CreateObjectMapping: 0.292700 ms MarkObjects: 14.195900 ms  DeleteObjects: 0.051900 ms)

========================================================================
Received Prepare
Registering precompiled user dll's ...
Registered in 0.003527 seconds.
Begin MonoManager ReloadAssembly
Native extension for Lumin target not found
Native extension for LinuxStandalone target not found
Native extension for WindowsStandalone target not found
Native extension for OSXStandalone target not found
Native extension for WebGL target not found
Refreshing native plugins compatible for Editor in 0.57 ms, found 0 plugins.
Preloading 0 native plugins for Editor in 0.00 ms.
Mono: successfully reloaded assembly
- Completed reload, in  2.467 seconds
Platform modules already initialized, skipping
Refreshing native plugins compatible for Editor in 0.54 ms, found 0 plugins.
Preloading 0 native plugins for Editor in 0.00 ms.
Unloading 1641 Unused Serialized files (Serialized files now loaded: 0)
System memory in use before: 75.8 MB.
System memory in use after: 75.9 MB.

Unloading 33 unused Assets to reduce memory usage. Loaded Objects now: 2100.
Total: 16.566900 ms (FindLiveObjects: 0.343200 ms CreateObjectMapping: 0.149000 ms MarkObjects: 16.007400 ms  DeleteObjects: 0.065700 ms)

========================================================================
Received Prepare
Registering precompiled user dll's ...
Registered in 0.003908 seconds.
Begin MonoManager ReloadAssembly
Native extension for Lumin target not found
Native extension for LinuxStandalone target not found
Native extension for WindowsStandalone target not found
Native extension for OSXStandalone target not found
Native extension for WebGL target not found
Refreshing native plugins compatible for Editor in 0.44 ms, found 0 plugins.
Preloading 0 native plugins for Editor in 0.00 ms.
Mono: successfully reloaded assembly
- Completed reload, in  1.493 seconds
Platform modules already initialized, skipping
Refreshing native plugins compatible for Editor in 1.45 ms, found 0 plugins.
Preloading 0 native plugins for Editor in 0.00 ms.
Unloading 1641 Unused Serialized files (Serialized files now loaded: 0)
System memory in use before: 75.8 MB.
System memory in use after: 75.9 MB.

Unloading 33 unused Assets to reduce memory usage. Loaded Objects now: 2103.
Total: 6.517400 ms (FindLiveObjects: 0.223700 ms CreateObjectMapping: 0.135000 ms MarkObjects: 6.114500 ms  DeleteObjects: 0.043200 ms)

========================================================================
Received Prepare
Registering precompiled user dll's ...
Registered in 0.004451 seconds.
Begin MonoManager ReloadAssembly
Native extension for Lumin target not found
Native extension for LinuxStandalone target not found
Native extension for WindowsStandalone target not found
Native extension for OSXStandalone target not found
Native extension for WebGL target not found
Refreshing native plugins compatible for Editor in 0.46 ms, found 0 plugins.
Preloading 0 native plugins for Editor in 0.00 ms.
Mono: successfully reloaded assembly
- Completed reload, in  1.435 seconds
Platform modules already initialized, skipping
Refreshing native plugins compatible for Editor in 0.90 ms, found 0 plugins.
Preloading 0 native plugins for Editor in 0.00 ms.
Unloading 1641 Unused Serialized files (Serialized files now loaded: 0)
System memory in use before: 75.8 MB.
System memory in use after: 75.9 MB.

Unloading 33 unused Assets to reduce memory usage. Loaded Objects now: 2106.
Total: 9.279500 ms (FindLiveObjects: 0.395000 ms CreateObjectMapping: 0.144100 ms MarkObjects: 8.709100 ms  DeleteObjects: 0.029400 ms)

========================================================================
Received Prepare
Registering precompiled user dll's ...
Registered in 0.004450 seconds.
Begin MonoManager ReloadAssembly
Native extension for Lumin target not found
Native extension for LinuxStandalone target not found
Native extension for WindowsStandalone target not found
Native extension for OSXStandalone target not found
Native extension for WebGL target not found
Refreshing native plugins compatible for Editor in 0.46 ms, found 0 plugins.
Preloading 0 native plugins for Editor in 0.00 ms.
Mono: successfully reloaded assembly
- Completed reload, in  1.576 seconds
Platform modules already initialized, skipping
Refreshing native plugins compatible for Editor in 0.64 ms, found 0 plugins.
Preloading 0 native plugins for Editor in 0.00 ms.
Unloading 1641 Unused Serialized files (Serialized files now loaded: 0)
System memory in use before: 75.8 MB.
System memory in use after: 75.9 MB.

Unloading 33 unused Assets to reduce memory usage. Loaded Objects now: 2109.
Total: 7.034700 ms (FindLiveObjects: 0.239500 ms CreateObjectMapping: 0.056000 ms MarkObjects: 6.715000 ms  DeleteObjects: 0.023200 ms)

========================================================================
Received Prepare
Registering precompiled user dll's ...
Registered in 0.004265 seconds.
Begin MonoManager ReloadAssembly
Native extension for Lumin target not found
Native extension for LinuxStandalone target not found
Native extension for WindowsStandalone target not found
Native extension for OSXStandalone target not found
Native extension for WebGL target not found
Refreshing native plugins compatible for Editor in 0.69 ms, found 0 plugins.
Preloading 0 native plugins for Editor in 0.00 ms.
Mono: successfully reloaded assembly
- Completed reload, in  1.769 seconds
Platform modules already initialized, skipping
Refreshing native plugins compatible for Editor in 0.68 ms, found 0 plugins.
Preloading 0 native plugins for Editor in 0.00 ms.
Unloading 1641 Unused Serialized files (Serialized files now loaded: 0)
System memory in use before: 75.8 MB.
System memory in use after: 75.9 MB.

Unloading 33 unused Assets to reduce memory usage. Loaded Objects now: 2112.
Total: 5.868000 ms (FindLiveObjects: 0.356000 ms CreateObjectMapping: 0.107900 ms MarkObjects: 5.384600 ms  DeleteObjects: 0.018200 ms)

========================================================================
Received Prepare
Registering precompiled user dll's ...
Registered in 0.003119 seconds.
Begin MonoManager ReloadAssembly
Native extension for Lumin target not found
Native extension for LinuxStandalone target not found
Native extension for WindowsStandalone target not found
Native extension for OSXStandalone target not found
Native extension for WebGL target not found
Refreshing native plugins compatible for Editor in 0.71 ms, found 0 plugins.
Preloading 0 native plugins for Editor in 0.00 ms.
Mono: successfully reloaded assembly
- Completed reload, in  1.465 seconds
Platform modules already initialized, skipping
Refreshing native plugins compatible for Editor in 0.56 ms, found 0 plugins.
Preloading 0 native plugins for Editor in 0.00 ms.
Unloading 1641 Unused Serialized files (Serialized files now loaded: 0)
System memory in use before: 75.8 MB.
System memory in use after: 76.0 MB.

Unloading 33 unused Assets to reduce memory usage. Loaded Objects now: 2115.
Total: 8.829600 ms (FindLiveObjects: 0.258300 ms CreateObjectMapping: 0.109100 ms MarkObjects: 8.424400 ms  DeleteObjects: 0.036500 ms)

========================================================================
Received Prepare
Registering precompiled user dll's ...
Registered in 0.004125 seconds.
Begin MonoManager ReloadAssembly
Native extension for Lumin target not found
Native extension for LinuxStandalone target not found
Native extension for WindowsStandalone target not found
Native extension for OSXStandalone target not found
Native extension for WebGL target not found
Refreshing native plugins compatible for Editor in 1.01 ms, found 0 plugins.
Preloading 0 native plugins for Editor in 0.00 ms.
Mono: successfully reloaded assembly
- Completed reload, in  1.661 seconds
Platform modules already initialized, skipping
Refreshing native plugins compatible for Editor in 0.89 ms, found 0 plugins.
Preloading 0 native plugins for Editor in 0.00 ms.
Unloading 1641 Unused Serialized files (Serialized files now loaded: 0)
System memory in use before: 75.9 MB.
System memory in use after: 76.0 MB.

Unloading 33 unused Assets to reduce memory usage. Loaded Objects now: 2118.
Total: 7.442200 ms (FindLiveObjects: 0.287100 ms CreateObjectMapping: 0.098700 ms MarkObjects: 6.995800 ms  DeleteObjects: 0.059000 ms)

========================================================================
Received Prepare
Registering precompiled user dll's ...
Registered in 0.003086 seconds.
Begin MonoManager ReloadAssembly
Native extension for Lumin target not found
Native extension for LinuxStandalone target not found
Native extension for WindowsStandalone target not found
Native extension for OSXStandalone target not found
Native extension for WebGL target not found
Refreshing native plugins compatible for Editor in 0.50 ms, found 0 plugins.
Preloading 0 native plugins for Editor in 0.00 ms.
Mono: successfully reloaded assembly
- Completed reload, in  1.527 seconds
Platform modules already initialized, skipping
Refreshing native plugins compatible for Editor in 0.60 ms, found 0 plugins.
Preloading 0 native plugins for Editor in 0.00 ms.
Unloading 1641 Unused Serialized files (Serialized files now loaded: 0)
System memory in use before: 75.9 MB.
System memory in use after: 76.0 MB.

Unloading 33 unused Assets to reduce memory usage. Loaded Objects now: 2121.
Total: 7.506300 ms (FindLiveObjects: 0.210100 ms CreateObjectMapping: 0.047800 ms MarkObjects: 7.205200 ms  DeleteObjects: 0.042000 ms)

========================================================================
Received Prepare
Registering precompiled user dll's ...
Registered in 0.003819 seconds.
Begin MonoManager ReloadAssembly
Native extension for Lumin target not found
Native extension for LinuxStandalone target not found
Native extension for WindowsStandalone target not found
Native extension for OSXStandalone target not found
Native extension for WebGL target not found
Refreshing native plugins compatible for Editor in 0.55 ms, found 0 plugins.
Preloading 0 native plugins for Editor in 0.00 ms.
Mono: successfully reloaded assembly
- Completed reload, in  1.662 seconds
Platform modules already initialized, skipping
Refreshing native plugins compatible for Editor in 0.57 ms, found 0 plugins.
Preloading 0 native plugins for Editor in 0.00 ms.
Unloading 1641 Unused Serialized files (Serialized files now loaded: 0)
System memory in use before: 75.9 MB.
System memory in use after: 76.0 MB.

Unloading 33 unused Assets to reduce memory usage. Loaded Objects now: 2124.
Total: 7.154100 ms (FindLiveObjects: 0.504800 ms CreateObjectMapping: 0.253400 ms MarkObjects: 6.343400 ms  DeleteObjects: 0.051200 ms)

========================================================================
Received Prepare
Registering precompiled user dll's ...
Registered in 0.004080 seconds.
Begin MonoManager ReloadAssembly
Native extension for Lumin target not found
Native extension for LinuxStandalone target not found
Native extension for WindowsStandalone target not found
Native extension for OSXStandalone target not found
Native extension for WebGL target not found
Refreshing native plugins compatible for Editor in 0.45 ms, found 0 plugins.
Preloading 0 native plugins for Editor in 0.00 ms.
Mono: successfully reloaded assembly
- Completed reload, in  1.456 seconds
Platform modules already initialized, skipping
Refreshing native plugins compatible for Editor in 0.60 ms, found 0 plugins.
Preloading 0 native plugins for Editor in 0.00 ms.
Unloading 1641 Unused Serialized files (Serialized files now loaded: 0)
System memory in use before: 75.9 MB.
System memory in use after: 76.0 MB.

Unloading 33 unused Assets to reduce memory usage. Loaded Objects now: 2127.
Total: 6.362200 ms (FindLiveObjects: 0.272700 ms CreateObjectMapping: 0.077000 ms MarkObjects: 5.966800 ms  DeleteObjects: 0.044400 ms)

========================================================================
Received Prepare
Registering precompiled user dll's ...
Registered in 0.009928 seconds.
Begin MonoManager ReloadAssembly
Native extension for Lumin target not found
Native extension for LinuxStandalone target not found
Native extension for WindowsStandalone target not found
Native extension for OSXStandalone target not found
Native extension for WebGL target not found
Refreshing native plugins compatible for Editor in 0.43 ms, found 0 plugins.
Preloading 0 native plugins for Editor in 0.00 ms.
Mono: successfully reloaded assembly
- Completed reload, in  2.292 seconds
Platform modules already initialized, skipping
Refreshing native plugins compatible for Editor in 0.53 ms, found 0 plugins.
Preloading 0 native plugins for Editor in 0.00 ms.
Unloading 1641 Unused Serialized files (Serialized files now loaded: 0)
System memory in use before: 75.9 MB.
System memory in use after: 76.0 MB.

Unloading 33 unused Assets to reduce memory usage. Loaded Objects now: 2130.
Total: 6.395400 ms (FindLiveObjects: 0.258800 ms CreateObjectMapping: 0.106400 ms MarkObjects: 5.979100 ms  DeleteObjects: 0.050000 ms)

========================================================================
Received Prepare
Registering precompiled user dll's ...
Registered in 0.005586 seconds.
Begin MonoManager ReloadAssembly
Native extension for Lumin target not found
Native extension for LinuxStandalone target not found
Native extension for WindowsStandalone target not found
Native extension for OSXStandalone target not found
Native extension for WebGL target not found
Refreshing native plugins compatible for Editor in 0.62 ms, found 0 plugins.
Preloading 0 native plugins for Editor in 0.00 ms.
Mono: successfully reloaded assembly
- Completed reload, in  1.509 seconds
Platform modules already initialized, skipping
Refreshing native plugins compatible for Editor in 0.76 ms, found 0 plugins.
Preloading 0 native plugins for Editor in 0.00 ms.
Unloading 1641 Unused Serialized files (Serialized files now loaded: 0)
System memory in use before: 75.9 MB.
System memory in use after: 76.0 MB.

Unloading 33 unused Assets to reduce memory usage. Loaded Objects now: 2133.
Total: 12.666600 ms (FindLiveObjects: 0.259400 ms CreateObjectMapping: 0.158600 ms MarkObjects: 12.219500 ms  DeleteObjects: 0.027500 ms)

========================================================================
Received Prepare
Registering precompiled user dll's ...
Registered in 0.004965 seconds.
Begin MonoManager ReloadAssembly
Native extension for Lumin target not found
Native extension for LinuxStandalone target not found
Native extension for WindowsStandalone target not found
Native extension for OSXStandalone target not found
Native extension for WebGL target not found
Refreshing native plugins compatible for Editor in 0.52 ms, found 0 plugins.
Preloading 0 native plugins for Editor in 0.00 ms.
Mono: successfully reloaded assembly
- Completed reload, in  1.616 seconds
Platform modules already initialized, skipping
Refreshing native plugins compatible for Editor in 0.72 ms, found 0 plugins.
Preloading 0 native plugins for Editor in 0.00 ms.
Unloading 1641 Unused Serialized files (Serialized files now loaded: 0)
System memory in use before: 75.9 MB.
System memory in use after: 76.0 MB.

Unloading 33 unused Assets to reduce memory usage. Loaded Objects now: 2136.
Total: 8.830800 ms (FindLiveObjects: 0.213300 ms CreateObjectMapping: 0.079200 ms MarkObjects: 8.467400 ms  DeleteObjects: 0.069100 ms)

========================================================================
Received Prepare
Registering precompiled user dll's ...
Registered in 0.005039 seconds.
Begin MonoManager ReloadAssembly
Native extension for Lumin target not found
Native extension for LinuxStandalone target not found
Native extension for WindowsStandalone target not found
Native extension for OSXStandalone target not found
Native extension for WebGL target not found
Refreshing native plugins compatible for Editor in 0.49 ms, found 0 plugins.
Preloading 0 native plugins for Editor in 0.00 ms.
Mono: successfully reloaded assembly
- Completed reload, in  1.518 seconds
Platform modules already initialized, skipping
Refreshing native plugins compatible for Editor in 0.53 ms, found 0 plugins.
Preloading 0 native plugins for Editor in 0.00 ms.
Unloading 1641 Unused Serialized files (Serialized files now loaded: 0)
System memory in use before: 75.9 MB.
System memory in use after: 76.0 MB.

Unloading 33 unused Assets to reduce memory usage. Loaded Objects now: 2139.
Total: 6.870700 ms (FindLiveObjects: 0.314200 ms CreateObjectMapping: 0.102200 ms MarkObjects: 6.408000 ms  DeleteObjects: 0.044600 ms)

========================================================================
Received Prepare
Registering precompiled user dll's ...
Registered in 0.005053 seconds.
Begin MonoManager ReloadAssembly
Native extension for Lumin target not found
Native extension for LinuxStandalone target not found
Native extension for WindowsStandalone target not found
Native extension for OSXStandalone target not found
Native extension for WebGL target not found
Refreshing native plugins compatible for Editor in 0.59 ms, found 0 plugins.
Preloading 0 native plugins for Editor in 0.00 ms.
Mono: successfully reloaded assembly
- Completed reload, in  1.665 seconds
Platform modules already initialized, skipping
Refreshing native plugins compatible for Editor in 0.59 ms, found 0 plugins.
Preloading 0 native plugins for Editor in 0.00 ms.
Unloading 1641 Unused Serialized files (Serialized files now loaded: 0)
System memory in use before: 75.9 MB.
System memory in use after: 76.0 MB.

Unloading 33 unused Assets to reduce memory usage. Loaded Objects now: 2142.
Total: 8.305900 ms (FindLiveObjects: 0.232300 ms CreateObjectMapping: 0.089100 ms MarkObjects: 7.949400 ms  DeleteObjects: 0.033200 ms)

========================================================================
Received Prepare
Registering precompiled user dll's ...
Registered in 0.003830 seconds.
Begin MonoManager ReloadAssembly
Native extension for Lumin target not found
Native extension for LinuxStandalone target not found
Native extension for WindowsStandalone target not found
Native extension for OSXStandalone target not found
Native extension for WebGL target not found
Refreshing native plugins compatible for Editor in 0.43 ms, found 0 plugins.
Preloading 0 native plugins for Editor in 0.00 ms.
Mono: successfully reloaded assembly
- Completed reload, in  1.502 seconds
Platform modules already initialized, skipping
Refreshing native plugins compatible for Editor in 0.52 ms, found 0 plugins.
Preloading 0 native plugins for Editor in 0.00 ms.
Unloading 1641 Unused Serialized files (Serialized files now loaded: 0)
System memory in use before: 75.9 MB.
System memory in use after: 76.0 MB.

Unloading 33 unused Assets to reduce memory usage. Loaded Objects now: 2145.
Total: 5.939900 ms (FindLiveObjects: 0.227400 ms CreateObjectMapping: 0.060900 ms MarkObjects: 5.632200 ms  DeleteObjects: 0.018500 ms)

========================================================================
Received Import Request.
  Time since last request: 1722.388689 seconds.
  path: Assets/Models/Girl/Materials/A.mat
  artifactKey: Guid(846188992ea15d847b4d6a557472f31b) Importer(815301076,1909f56bfc062723c751e8b465ee728b)
Start importing Assets/Models/Girl/Materials/A.mat using Guid(846188992ea15d847b4d6a557472f31b) Importer(815301076,1909f56bfc062723c751e8b465ee728b)  -> (artifact id: 'f6bf55e9c09a45ee3959a84ccd231457') in 0.131676 seconds 
========================================================================
Received Import Request.
  Time since last request: 0.000337 seconds.
  path: Assets/Models/Girl/Materials/Outline Border Color.001.mat
  artifactKey: Guid(3a3f44d5a770350478728b57d8a046a2) Importer(815301076,1909f56bfc062723c751e8b465ee728b)
Start importing Assets/Models/Girl/Materials/Outline Border Color.001.mat using Guid(3a3f44d5a770350478728b57d8a046a2) Importer(815301076,1909f56bfc062723c751e8b465ee728b)  -> (artifact id: 'dfbfb38b6d1001a110291f854cce4c32') in 0.019291 seconds 
========================================================================
Received Import Request.
  Time since last request: 0.000553 seconds.
  path: Assets/Models/Girl/Materials/Outline Border Color.004.mat
  artifactKey: Guid(995db920ad7ed6a408918be3fe7bdda1) Importer(815301076,1909f56bfc062723c751e8b465ee728b)
Start importing Assets/Models/Girl/Materials/Outline Border Color.004.mat using Guid(995db920ad7ed6a408918be3fe7bdda1) Importer(815301076,1909f56bfc062723c751e8b465ee728b)  -> (artifact id: '284b87f3f18376ac827cf9e327792805') in 0.016353 seconds 
========================================================================
Received Import Request.
  Time since last request: 0.000658 seconds.
  path: Assets/Models/Girl/Materials/U.mat
  artifactKey: Guid(b35e2d9438db22d479bbe1d0d62dcd1c) Importer(815301076,1909f56bfc062723c751e8b465ee728b)
Start importing Assets/Models/Girl/Materials/U.mat using Guid(b35e2d9438db22d479bbe1d0d62dcd1c) Importer(815301076,1909f56bfc062723c751e8b465ee728b)  -> (artifact id: '0dc3b734f9e2b88f3c45636ee5cdf681') in 0.017995 seconds 
========================================================================
Received Import Request.
  Time since last request: 0.000445 seconds.
  path: Assets/Models/Girl/Materials/I.mat
  artifactKey: Guid(68df3a2d10fdceb4697d8d344d1bc8bf) Importer(815301076,1909f56bfc062723c751e8b465ee728b)
Start importing Assets/Models/Girl/Materials/I.mat using Guid(68df3a2d10fdceb4697d8d344d1bc8bf) Importer(815301076,1909f56bfc062723c751e8b465ee728b)  -> (artifact id: 'c11d46b516e0023a245d4ad13c2c8129') in 0.018238 seconds 
========================================================================
Received Import Request.
  Time since last request: 0.000559 seconds.
  path: Assets/Models/Girl/Materials/Outline Border Color.003.mat
  artifactKey: Guid(6281deb8230e94349a1fbdb93cf565f9) Importer(815301076,1909f56bfc062723c751e8b465ee728b)
Start importing Assets/Models/Girl/Materials/Outline Border Color.003.mat using Guid(6281deb8230e94349a1fbdb93cf565f9) Importer(815301076,1909f56bfc062723c751e8b465ee728b)  -> (artifact id: '4c815be0a2fb24a2f8ae3f041e4e9bee') in 0.014310 seconds 
========================================================================
Received Import Request.
  Time since last request: 0.000433 seconds.
  path: Assets/Models/Girl/Materials/Outline Border Color.005.mat
  artifactKey: Guid(e05506bde916f3e468c8adf3ed4c2cc3) Importer(815301076,1909f56bfc062723c751e8b465ee728b)
Start importing Assets/Models/Girl/Materials/Outline Border Color.005.mat using Guid(e05506bde916f3e468c8adf3ed4c2cc3) Importer(815301076,1909f56bfc062723c751e8b465ee728b)  -> (artifact id: 'ed48ef74f18ce0d27163de472f077e62') in 0.025105 seconds 
========================================================================
Received Import Request.
  Time since last request: 0.000544 seconds.
  path: Assets/Models/Girl/Materials/Outline Border Color.002.mat
  artifactKey: Guid(85514e9b765c29f43a48667e8be59f6d) Importer(815301076,1909f56bfc062723c751e8b465ee728b)
Start importing Assets/Models/Girl/Materials/Outline Border Color.002.mat using Guid(85514e9b765c29f43a48667e8be59f6d) Importer(815301076,1909f56bfc062723c751e8b465ee728b)  -> (artifact id: '2dccc7de99db4e3acd31d96fc5bc231a') in 0.016753 seconds 
========================================================================
Received Import Request.
  Time since last request: 0.000375 seconds.
  path: Assets/Models/Girl/Materials/O.mat
  artifactKey: Guid(69597ecec8aa55547b8e6d19b18e459e) Importer(815301076,1909f56bfc062723c751e8b465ee728b)
Start importing Assets/Models/Girl/Materials/O.mat using Guid(69597ecec8aa55547b8e6d19b18e459e) Importer(815301076,1909f56bfc062723c751e8b465ee728b)  -> (artifact id: '5c64b93bd36d0817e7abc9357e252412') in 0.017367 seconds 
========================================================================
Received Import Request.
  Time since last request: 0.000500 seconds.
  path: Assets/Models/Girl/Materials/Outline Border Color.006.mat
  artifactKey: Guid(0b637ec2302e3ed40bf34ebc7871163f) Importer(815301076,1909f56bfc062723c751e8b465ee728b)
Start importing Assets/Models/Girl/Materials/Outline Border Color.006.mat using Guid(0b637ec2302e3ed40bf34ebc7871163f) Importer(815301076,1909f56bfc062723c751e8b465ee728b)  -> (artifact id: '68eed2155338fb9cad3115a74d1fb224') in 0.015652 seconds 
========================================================================
Received Import Request.
  Time since last request: 0.000417 seconds.
  path: Assets/Models/Girl/Materials/Outline Border Color.007.mat
  artifactKey: Guid(71a0fdbbf4d9e9a4f88d56f24f9a0088) Importer(815301076,1909f56bfc062723c751e8b465ee728b)
Start importing Assets/Models/Girl/Materials/Outline Border Color.007.mat using Guid(71a0fdbbf4d9e9a4f88d56f24f9a0088) Importer(815301076,1909f56bfc062723c751e8b465ee728b)  -> (artifact id: '441391b8da3eb166dc8a6ed4e795e7bf') in 0.017527 seconds 
========================================================================
Received Import Request.
  Time since last request: 0.000420 seconds.
  path: Assets/Models/Girl/Materials/Outline Border Color.008.mat
  artifactKey: Guid(7846495212e6b924fa8ad4e1db02ee3b) Importer(815301076,1909f56bfc062723c751e8b465ee728b)
Start importing Assets/Models/Girl/Materials/Outline Border Color.008.mat using Guid(7846495212e6b924fa8ad4e1db02ee3b) Importer(815301076,1909f56bfc062723c751e8b465ee728b)  -> (artifact id: 'f312c4ea28ac1045cb5b1715b7941b61') in 0.015391 seconds 
========================================================================
Received Import Request.
  Time since last request: 0.000407 seconds.
  path: Assets/Models/Girl/Materials/Normal.mat
  artifactKey: Guid(d443a50e2555bb74eb5c566bb99d5ee8) Importer(815301076,1909f56bfc062723c751e8b465ee728b)
Start importing Assets/Models/Girl/Materials/Normal.mat using Guid(d443a50e2555bb74eb5c566bb99d5ee8) Importer(815301076,1909f56bfc062723c751e8b465ee728b)  -> (artifact id: 'e495b554394ae20bf3b51d365c67a41b') in 0.019396 seconds 
========================================================================
Received Import Request.
  Time since last request: 0.000322 seconds.
  path: Assets/Models/Girl/Materials/E.mat
  artifactKey: Guid(25974dd765af3d0439d7edf1083237ed) Importer(815301076,1909f56bfc062723c751e8b465ee728b)
Start importing Assets/Models/Girl/Materials/E.mat using Guid(25974dd765af3d0439d7edf1083237ed) Importer(815301076,1909f56bfc062723c751e8b465ee728b)  -> (artifact id: 'f152d65ebb3ebfedf8c1e9369657dac0') in 0.017701 seconds 
========================================================================
Received Import Request.
  Time since last request: 0.000314 seconds.
  path: Assets/Models/Girl/Materials/Outline Border Color.mat
  artifactKey: Guid(d138939df72f7164a979a57fe6554758) Importer(815301076,1909f56bfc062723c751e8b465ee728b)
Start importing Assets/Models/Girl/Materials/Outline Border Color.mat using Guid(d138939df72f7164a979a57fe6554758) Importer(815301076,1909f56bfc062723c751e8b465ee728b)  -> (artifact id: 'f81615e901cc73dd8da05c66174d23d0') in 0.015207 seconds 
========================================================================
Received Prepare
Registering precompiled user dll's ...
Registered in 0.004919 seconds.
Begin MonoManager ReloadAssembly
Native extension for Lumin target not found
Native extension for LinuxStandalone target not found
Native extension for WindowsStandalone target not found
Native extension for OSXStandalone target not found
Native extension for WebGL target not found
Refreshing native plugins compatible for Editor in 0.63 ms, found 0 plugins.
Preloading 0 native plugins for Editor in 0.00 ms.
Mono: successfully reloaded assembly
- Completed reload, in  1.865 seconds
Platform modules already initialized, skipping
Refreshing native plugins compatible for Editor in 0.58 ms, found 0 plugins.
Preloading 0 native plugins for Editor in 0.00 ms.
Unloading 1641 Unused Serialized files (Serialized files now loaded: 0)
System memory in use before: 79.9 MB.
System memory in use after: 80.0 MB.

Unloading 33 unused Assets to reduce memory usage. Loaded Objects now: 2188.
Total: 7.247300 ms (FindLiveObjects: 0.232800 ms CreateObjectMapping: 0.068100 ms MarkObjects: 6.916100 ms  DeleteObjects: 0.028900 ms)

========================================================================
Received Prepare
Registering precompiled user dll's ...
Registered in 0.003515 seconds.
Begin MonoManager ReloadAssembly
Native extension for Lumin target not found
Native extension for LinuxStandalone target not found
Native extension for WindowsStandalone target not found
Native extension for OSXStandalone target not found
Native extension for WebGL target not found
Refreshing native plugins compatible for Editor in 0.46 ms, found 0 plugins.
Preloading 0 native plugins for Editor in 0.00 ms.
Mono: successfully reloaded assembly
- Completed reload, in  1.133 seconds
Platform modules already initialized, skipping
Refreshing native plugins compatible for Editor in 0.48 ms, found 0 plugins.
Preloading 0 native plugins for Editor in 0.00 ms.
Unloading 1641 Unused Serialized files (Serialized files now loaded: 0)
System memory in use before: 79.9 MB.
System memory in use after: 80.0 MB.

Unloading 33 unused Assets to reduce memory usage. Loaded Objects now: 2191.
Total: 5.626700 ms (FindLiveObjects: 0.206200 ms CreateObjectMapping: 0.072800 ms MarkObjects: 5.326000 ms  DeleteObjects: 0.020300 ms)

========================================================================
Received Import Request.
  Time since last request: 717.318203 seconds.
  path: Assets/Models/Girl/Materials/墙体渐变.png
  artifactKey: Guid(8a349b15af5065c40ad037ef4736f3bc) Importer(815301076,1909f56bfc062723c751e8b465ee728b)
Start importing Assets/Models/Girl/Materials/墙体渐变.png using Guid(8a349b15af5065c40ad037ef4736f3bc) Importer(815301076,1909f56bfc062723c751e8b465ee728b)  -> (artifact id: '8ae3f365cdf5984f76d2af468c13fb3b') in 0.146136 seconds 
========================================================================
Received Import Request.
  Time since last request: 5.764120 seconds.
  path: Assets/Models/Girl/Materials/墙体渐变.png
  artifactKey: Guid(8a349b15af5065c40ad037ef4736f3bc) Importer(815301076,1909f56bfc062723c751e8b465ee728b)
Start importing Assets/Models/Girl/Materials/墙体渐变.png using Guid(8a349b15af5065c40ad037ef4736f3bc) Importer(815301076,1909f56bfc062723c751e8b465ee728b)  -> (artifact id: '522280acf52e002870385ae071ce44bc') in 0.036541 seconds 
========================================================================
Received Prepare
Registering precompiled user dll's ...
Registered in 0.003164 seconds.
Begin MonoManager ReloadAssembly
Native extension for Lumin target not found
Native extension for LinuxStandalone target not found
Native extension for WindowsStandalone target not found
Native extension for OSXStandalone target not found
Native extension for WebGL target not found
Refreshing native plugins compatible for Editor in 0.48 ms, found 0 plugins.
Preloading 0 native plugins for Editor in 0.00 ms.
Mono: successfully reloaded assembly
- Completed reload, in  1.316 seconds
Platform modules already initialized, skipping
Refreshing native plugins compatible for Editor in 0.78 ms, found 0 plugins.
Preloading 0 native plugins for Editor in 0.00 ms.
Unloading 1641 Unused Serialized files (Serialized files now loaded: 0)
System memory in use before: 80.7 MB.
System memory in use after: 80.9 MB.

Unloading 33 unused Assets to reduce memory usage. Loaded Objects now: 2227.
Total: 6.098400 ms (FindLiveObjects: 0.196400 ms CreateObjectMapping: 0.062800 ms MarkObjects: 5.809200 ms  DeleteObjects: 0.028700 ms)

========================================================================
Received Prepare
Registering precompiled user dll's ...
Registered in 0.003838 seconds.
Begin MonoManager ReloadAssembly
Native extension for Lumin target not found
Native extension for LinuxStandalone target not found
Native extension for WindowsStandalone target not found
Native extension for OSXStandalone target not found
Native extension for WebGL target not found
Refreshing native plugins compatible for Editor in 0.51 ms, found 0 plugins.
Preloading 0 native plugins for Editor in 0.00 ms.
Mono: successfully reloaded assembly
- Completed reload, in  1.354 seconds
Platform modules already initialized, skipping
Refreshing native plugins compatible for Editor in 0.49 ms, found 0 plugins.
Preloading 0 native plugins for Editor in 0.00 ms.
Unloading 1641 Unused Serialized files (Serialized files now loaded: 0)
System memory in use before: 80.8 MB.
System memory in use after: 80.9 MB.

Unloading 33 unused Assets to reduce memory usage. Loaded Objects now: 2230.
Total: 5.950500 ms (FindLiveObjects: 0.163600 ms CreateObjectMapping: 0.054100 ms MarkObjects: 5.708500 ms  DeleteObjects: 0.023500 ms)

AssetImportWorkerClient::OnTransportError - code=2 error=End of file
